<?xml version="1.0" encoding="UTF-8"?>
<!-- Generated by org.testng.reporters.JUnitReportReporter -->
<testsuite skipped="0" hostname="Varuns-MacBook-Pro.local" name="com.cloudamize.cmp.automation.performance.testcases.AzureOverviewResponses" tests="4" failures="0" timestamp="17 Dec 2019 11:16:51 GMT" time="85.661" errors="0">
  <testcase name="clickOnSummaryTabOfOverviewDetailsGrid" time="17.508" classname="com.cloudamize.cmp.automation.performance.testcases.AzureOverviewResponses"/>
  <testcase name="clickOnStorageTabOverviewDetailsGrid" time="10.200" classname="com.cloudamize.cmp.automation.performance.testcases.AzureOverviewResponses"/>
  <testcase name="clickOnNetworkTabOverviewDetailsGrid" time="10.226" classname="com.cloudamize.cmp.automation.performance.testcases.AzureOverviewResponses"/>
  <testcase name="clickOnSettings" time="47.727" classname="com.cloudamize.cmp.automation.performance.testcases.AzureOverviewResponses"/>
</testsuite> <!-- com.cloudamize.cmp.automation.performance.testcases.AzureOverviewResponses -->
